# JRE version: Java(TM) SE Runtime Environment (8.0_251-b08) (build 1.8.0_251-b08)
# Java VM: Java HotSpot(TM) 64-Bit Server VM (25.251-b08 mixed mode windows-amd64 compressed oops)
Heap:
 PSYoungGen      total 37888K, used 28228K [0x00000000eb600000, 0x00000000f0000000, 0x0000000100000000)
  eden space 31744K, 73% used [0x00000000eb600000,0x00000000ecce4d18,0x00000000ed500000)
  from space 6144K, 77% used [0x00000000ed500000,0x00000000ed9ac618,0x00000000edb00000)
  to   space 6144K, 0% used [0x00000000efa00000,0x00000000efa00000,0x00000000f0000000)
 ParOldGen       total 42496K, used 9690K [0x00000000c2200000, 0x00000000c4b80000, 0x00000000eb600000)
  object space 42496K, 22% used [0x00000000c2200000,0x00000000c2b76918,0x00000000c4b80000)
 Metaspace       used 20304K, capacity 20752K, committed 21120K, reserved 1067008K
  class space    used 2445K, capacity 2580K, committed 2688K, reserved 1048576K
GC Heap History (10 events):
Event: 2.612 GC heap before
{Heap before GC invocations=3 (full 0):
 PSYoungGen      total 18432K, used 18413K [0x00000000eb600000, 0x00000000eca80000, 0x0000000100000000)
  eden space 15872K, 100% used [0x00000000eb600000,0x00000000ec580000,0x00000000ec580000)
  from space 2560K, 99% used [0x00000000ec800000,0x00000000eca7b4f0,0x00000000eca80000)
  to   space 2560K, 0% used [0x00000000ec580000,0x00000000ec580000,0x00000000ec800000)
 ParOldGen       total 42496K, used 1756K [0x00000000c2200000, 0x00000000c4b80000, 0x00000000eb600000)
  object space 42496K, 4% used [0x00000000c2200000,0x00000000c23b73e0,0x00000000c4b80000)
 Metaspace       used 10064K, capacity 10220K, committed 10240K, reserved 1058816K
  class space    used 1222K, capacity 1280K, committed 1280K, reserved 1048576K
Event: 2.620 GC heap after
Heap after GC invocations=3 (full 0):
 PSYoungGen      total 18432K, used 2548K [0x00000000eb600000, 0x00000000eca80000, 0x0000000100000000)
  eden space 15872K, 0% used [0x00000000eb600000,0x00000000eb600000,0x00000000ec580000)
  from space 2560K, 99% used [0x00000000ec580000,0x00000000ec7fd1d8,0x00000000ec800000)
  to   space 2560K, 0% used [0x00000000ec800000,0x00000000ec800000,0x00000000eca80000)
 ParOldGen       total 42496K, used 3798K [0x00000000c2200000, 0x00000000c4b80000, 0x00000000eb600000)
  object space 42496K, 8% used [0x00000000c2200000,0x00000000c25b58d8,0x00000000c4b80000)
 Metaspace       used 10064K, capacity 10220K, committed 10240K, reserved 1058816K
  class space    used 1222K, capacity 1280K, committed 1280K, reserved 1048576K
}
Event: 3.370 GC heap before
{Heap before GC invocations=4 (full 0):
 PSYoungGen      total 18432K, used 18420K [0x00000000eb600000, 0x00000000eca80000, 0x0000000100000000)
  eden space 15872K, 100% used [0x00000000eb600000,0x00000000ec580000,0x00000000ec580000)
  from space 2560K, 99% used [0x00000000ec580000,0x00000000ec7fd1d8,0x00000000ec800000)
  to   space 2560K, 0% used [0x00000000ec800000,0x00000000ec800000,0x00000000eca80000)
 ParOldGen       total 42496K, used 3798K [0x00000000c2200000, 0x00000000c4b80000, 0x00000000eb600000)
  object space 42496K, 8% used [0x00000000c2200000,0x00000000c25b58d8,0x00000000c4b80000)
 Metaspace       used 12037K, capacity 12196K, committed 12416K, reserved 1060864K
  class space    used 1502K, capacity 1574K, committed 1664K, reserved 1048576K
Event: 3.382 GC heap after
Heap after GC invocations=4 (full 0):
 PSYoungGen      total 18432K, used 2528K [0x00000000eb600000, 0x00000000eda00000, 0x0000000100000000)
  eden space 15872K, 0% used [0x00000000eb600000,0x00000000eb600000,0x00000000ec580000)
  from space 2560K, 98% used [0x00000000ec800000,0x00000000eca78040,0x00000000eca80000)
  to   space 2560K, 0% used [0x00000000ec580000,0x00000000ec580000,0x00000000ec800000)
 ParOldGen       total 42496K, used 6182K [0x00000000c2200000, 0x00000000c4b80000, 0x00000000eb600000)
  object space 42496K, 14% used [0x00000000c2200000,0x00000000c2809af8,0x00000000c4b80000)
 Metaspace       used 12037K, capacity 12196K, committed 12416K, reserved 1060864K
  class space    used 1502K, capacity 1574K, committed 1664K, reserved 1048576K
}
Event: 4.522 GC heap before
{Heap before GC invocations=5 (full 0):
 PSYoungGen      total 18432K, used 18400K [0x00000000eb600000, 0x00000000eda00000, 0x0000000100000000)
  eden space 15872K, 100% used [0x00000000eb600000,0x00000000ec580000,0x00000000ec580000)
  from space 2560K, 98% used [0x00000000ec800000,0x00000000eca78040,0x00000000eca80000)
  to   space 2560K, 0% used [0x00000000ec580000,0x00000000ec580000,0x00000000ec800000)
 ParOldGen       total 42496K, used 6182K [0x00000000c2200000, 0x00000000c4b80000, 0x00000000eb600000)
  object space 42496K, 14% used [0x00000000c2200000,0x00000000c2809af8,0x00000000c4b80000)
 Metaspace       used 14790K, capacity 15008K, committed 15232K, reserved 1062912K
  class space    used 1813K, capacity 1904K, committed 1920K, reserved 1048576K
Event: 4.536 GC heap after
Heap after GC invocations=5 (full 0):
 PSYoungGen      total 18432K, used 2553K [0x00000000eb600000, 0x00000000ee100000, 0x0000000100000000)
  eden space 15872K, 0% used [0x00000000eb600000,0x00000000eb600000,0x00000000ec580000)
  from space 2560K, 99% used [0x00000000ec580000,0x00000000ec7fe5a8,0x00000000ec800000)
  to   space 6144K, 0% used [0x00000000edb00000,0x00000000edb00000,0x00000000ee100000)
 ParOldGen       total 42496K, used 8706K [0x00000000c2200000, 0x00000000c4b80000, 0x00000000eb600000)
  object space 42496K, 20% used [0x00000000c2200000,0x00000000c2a80888,0x00000000c4b80000)
 Metaspace       used 14790K, capacity 15008K, committed 15232K, reserved 1062912K
  class space    used 1813K, capacity 1904K, committed 1920K, reserved 1048576K
}
Event: 5.394 GC heap before
{Heap before GC invocations=6 (full 0):
 PSYoungGen      total 18432K, used 18425K [0x00000000eb600000, 0x00000000ee100000, 0x0000000100000000)
  eden space 15872K, 100% used [0x00000000eb600000,0x00000000ec580000,0x00000000ec580000)
  from space 2560K, 99% used [0x00000000ec580000,0x00000000ec7fe5a8,0x00000000ec800000)
  to   space 6144K, 0% used [0x00000000edb00000,0x00000000edb00000,0x00000000ee100000)
 ParOldGen       total 42496K, used 8706K [0x00000000c2200000, 0x00000000c4b80000, 0x00000000eb600000)
  object space 42496K, 20% used [0x00000000c2200000,0x00000000c2a80888,0x00000000c4b80000)
 Metaspace       used 15696K, capacity 15884K, committed 16128K, reserved 1062912K
  class space    used 1896K, capacity 1976K, committed 2048K, reserved 1048576K
Event: 5.418 GC heap after
Heap after GC invocations=6 (full 0):
 PSYoungGen      total 37888K, used 4431K [0x00000000eb600000, 0x00000000ee100000, 0x0000000100000000)
  eden space 31744K, 0% used [0x00000000eb600000,0x00000000eb600000,0x00000000ed500000)
  from space 6144K, 72% used [0x00000000edb00000,0x00000000edf53e60,0x00000000ee100000)
  to   space 6144K, 0% used [0x00000000ed500000,0x00000000ed500000,0x00000000edb00000)
 ParOldGen       total 42496K, used 8706K [0x00000000c2200000, 0x00000000c4b80000, 0x00000000eb600000)
  object space 42496K, 20% used [0x00000000c2200000,0x00000000c2a80888,0x00000000c4b80000)
 Metaspace       used 15696K, capacity 15884K, committed 16128K, reserved 1062912K
  class space    used 1896K, capacity 1976K, committed 2048K, reserved 1048576K
}
Event: 10.922 GC heap before
{Heap before GC invocations=7 (full 0):
 PSYoungGen      total 37888K, used 36175K [0x00000000eb600000, 0x00000000ee100000, 0x0000000100000000)
  eden space 31744K, 100% used [0x00000000eb600000,0x00000000ed500000,0x00000000ed500000)
  from space 6144K, 72% used [0x00000000edb00000,0x00000000edf53e60,0x00000000ee100000)
  to   space 6144K, 0% used [0x00000000ed500000,0x00000000ed500000,0x00000000edb00000)
 ParOldGen       total 42496K, used 8706K [0x00000000c2200000, 0x00000000c4b80000, 0x00000000eb600000)
  object space 42496K, 20% used [0x00000000c2200000,0x00000000c2a80888,0x00000000c4b80000)
 Metaspace       used 16607K, capacity 17000K, committed 17280K, reserved 1064960K
  class space    used 1959K, capacity 2052K, committed 2176K, reserved 1048576K
Event: 10.943 GC heap after
Heap after GC invocations=7 (full 0):
 PSYoungGen      total 37888K, used 4785K [0x00000000eb600000, 0x00000000f0000000, 0x0000000100000000)
  eden space 31744K, 0% used [0x00000000eb600000,0x00000000eb600000,0x00000000ed500000)
  from space 6144K, 77% used [0x00000000ed500000,0x00000000ed9ac618,0x00000000edb00000)
  to   space 6144K, 0% used [0x00000000efa00000,0x00000000efa00000,0x00000000f0000000)
 ParOldGen       total 42496K, used 9690K [0x00000000c2200000, 0x00000000c4b80000, 0x00000000eb600000)
  object space 42496K, 22% used [0x00000000c2200000,0x00000000c2b76918,0x00000000c4b80000)
 Metaspace       used 16607K, capacity 17000K, committed 17280K, reserved 1064960K
  class space    used 1959K, capacity 2052K, committed 2176K, reserved 1048576K
}

